<?xml version="1.0" encoding="UTF-8"?>
<!-- Generated by org.testng.reporters.JUnitReportReporter -->
<testsuite skipped="0" hostname="DESKTOP-932VSSP" name="SanityTests.electronDemo" tests="1" failures="0" timestamp="07 Jun 2020 10:33:07 GMT" time="0.847" errors="0">
  <testcase name="test_01_" time="0.847" classname="SanityTests.electronDemo"/>
</testsuite> <!-- SanityTests.electronDemo -->
