<?xml version="1.0" encoding="UTF-8"?>
<!-- Generated by org.testng.reporters.JUnitReportReporter -->
<testsuite skipped="0" hostname="DESKTOP-932VSSP" name="SanityTests.grafanaWeb" tests="5" failures="0" timestamp="11 Jun 2020 08:02:21 GMT" time="12.874" errors="0">
  <testcase name="test_01_Login" time="4.421" classname="SanityTests.grafanaWeb"/>
  <testcase name="test_02_verifyUsers" time="1.720" classname="SanityTests.grafanaWeb"/>
  <testcase name="test_05_verify_grafana_icon" time="1.752" classname="SanityTests.grafanaWeb"/>
  <testcase name="test_04_delete_User" time="1.898" classname="SanityTests.grafanaWeb"/>
  <testcase name="test_03_add_and_verify_newUser" time="3.083" classname="SanityTests.grafanaWeb"/>
</testsuite> <!-- SanityTests.grafanaWeb -->
